2020-11-01 12:29:11.187  INFO 12694 --- [restartedMain] c.g.u.UserManagementAppApplication       : Starting UserManagementAppApplication on adminstrator-HP-Laptop-15-bs0xx with PID 12694 (/opt/WORKSPACE/SPRING_LEARN/SPRING_MICRO_SERVICES/ALL_PROJECT_CODE/userManagementApp/bin/main started by adminstrator in /opt/WORKSPACE/SPRING_LEARN/SPRING_MICRO_SERVICES/ALL_PROJECT_CODE/userManagementApp)
2020-11-01 12:29:11.199  INFO 12694 --- [restartedMain] c.g.u.UserManagementAppApplication       : No active profile set, falling back to default profiles: default
2020-11-01 12:29:11.326  INFO 12694 --- [restartedMain] .e.DevToolsPropertyDefaultsPostProcessor : Devtools property defaults active! Set 'spring.devtools.add-properties' to 'false' to disable
2020-11-01 12:29:11.331  INFO 12694 --- [restartedMain] .e.DevToolsPropertyDefaultsPostProcessor : For additional web related logging consider setting the 'logging.level.web' property to 'DEBUG'
2020-11-01 12:29:15.720  INFO 12694 --- [restartedMain] o.s.b.w.embedded.tomcat.TomcatWebServer  : Tomcat initialized with port(s): 8082 (http)
2020-11-01 12:29:15.779  INFO 12694 --- [restartedMain] o.apache.catalina.core.StandardService   : Starting service [Tomcat]
2020-11-01 12:29:15.780  INFO 12694 --- [restartedMain] org.apache.catalina.core.StandardEngine  : Starting Servlet engine: [Apache Tomcat/9.0.21]
2020-11-01 12:29:15.974  INFO 12694 --- [restartedMain] o.a.c.c.C.[Tomcat].[localhost].[/]       : Initializing Spring embedded WebApplicationContext
2020-11-01 12:29:15.975  INFO 12694 --- [restartedMain] o.s.web.context.ContextLoader            : Root WebApplicationContext: initialization completed in 4643 ms
2020-11-01 12:29:17.715  INFO 12694 --- [restartedMain] o.s.b.a.e.web.EndpointLinksResolver      : Exposing 18 endpoint(s) beneath base path '/actuator'
2020-11-01 12:29:17.909  INFO 12694 --- [restartedMain] pertySourcedRequestMappingHandlerMapping : Mapped URL path [/v2/api-docs] onto method [public org.springframework.http.ResponseEntity<springfox.documentation.spring.web.json.Json> springfox.documentation.swagger2.web.Swagger2Controller.getDocumentation(java.lang.String,javax.servlet.http.HttpServletRequest)]
2020-11-01 12:29:18.154  INFO 12694 --- [restartedMain] o.s.s.concurrent.ThreadPoolTaskExecutor  : Initializing ExecutorService 'applicationTaskExecutor'
2020-11-01 12:29:18.219  INFO 12694 --- [restartedMain] o.s.b.d.a.OptionalLiveReloadServer       : LiveReload server is running on port 35729
2020-11-01 12:29:18.923  INFO 12694 --- [restartedMain] o.s.s.web.DefaultSecurityFilterChain     : Creating filter chain: org.springframework.boot.actuate.autoconfigure.security.servlet.EndpointRequest$EndpointRequestMatcher@4fbce40a, [org.springframework.security.web.context.request.async.WebAsyncManagerIntegrationFilter@cfe0e3, org.springframework.security.web.context.SecurityContextPersistenceFilter@39e6a5ce, org.springframework.security.web.header.HeaderWriterFilter@24623f67, org.springframework.security.web.csrf.CsrfFilter@624ae0d2, org.springframework.security.web.authentication.logout.LogoutFilter@52d153da, org.springframework.security.web.savedrequest.RequestCacheAwareFilter@7fe66285, org.springframework.security.web.servletapi.SecurityContextHolderAwareRequestFilter@1f0e1bef, org.springframework.security.web.authentication.AnonymousAuthenticationFilter@2e83788f, org.springframework.security.web.session.SessionManagementFilter@1cad8bd4, org.springframework.security.web.access.ExceptionTranslationFilter@58e9c2b7, org.springframework.security.web.access.intercept.FilterSecurityInterceptor@207c722f]
2020-11-01 12:29:19.097  INFO 12694 --- [restartedMain] d.s.w.p.DocumentationPluginsBootstrapper : Context refreshed
2020-11-01 12:29:19.167  INFO 12694 --- [restartedMain] d.s.w.p.DocumentationPluginsBootstrapper : Found 1 custom documentation plugin(s)
2020-11-01 12:29:19.273  INFO 12694 --- [restartedMain] s.d.s.w.s.ApiListingReferenceScanner     : Scanning for api listing references
2020-11-01 12:29:19.605  INFO 12694 --- [restartedMain] o.s.b.w.embedded.tomcat.TomcatWebServer  : Tomcat started on port(s): 8082 (http) with context path ''
2020-11-01 12:29:19.611  INFO 12694 --- [restartedMain] c.g.u.UserManagementAppApplication       : Started UserManagementAppApplication in 9.636 seconds (JVM running for 11.163)
2020-11-01 12:29:36.710  INFO 12694 --- [http-nio-8082-exec-1] o.a.c.c.C.[Tomcat].[localhost].[/]       : Initializing Spring DispatcherServlet 'dispatcherServlet'
2020-11-01 12:29:36.710  INFO 12694 --- [http-nio-8082-exec-1] o.s.web.servlet.DispatcherServlet        : Initializing Servlet 'dispatcherServlet'
2020-11-01 12:29:36.733  INFO 12694 --- [http-nio-8082-exec-1] o.s.web.servlet.DispatcherServlet        : Completed initialization in 22 ms
2020-11-01 12:29:49.472  INFO 12694 --- [http-nio-8082-exec-3] UserManagementApp                        : getting users..
2020-11-01 12:30:01.213  INFO 12694 --- [http-nio-8082-exec-4] UserManagementApp                        : getting users..
2020-11-01 12:31:21.595  INFO 12694 --- [http-nio-8082-exec-6] UserManagementApp                        : getting users..
2020-11-01 12:31:38.044  INFO 12694 --- [http-nio-8082-exec-9] UserManagementApp                        : getting users..
2020-11-01 12:31:46.800  INFO 12694 --- [http-nio-8082-exec-10] UserManagementApp                        : getting users..
2020-11-01 12:32:00.734  INFO 12694 --- [http-nio-8082-exec-1] UserManagementApp                        : getting users..
2020-11-01 12:32:08.716  INFO 12694 --- [http-nio-8082-exec-2] UserManagementApp                        : getting users..
2020-11-01 12:40:45.205  INFO 12694 --- [http-nio-8082-exec-5] UserManagementApp                        : getting users..
2020-11-01 12:40:46.603  INFO 12694 --- [http-nio-8082-exec-6] UserManagementApp                        : getting users..
2020-11-01 12:50:03.942  INFO 12694 --- [Thread-9] o.s.s.concurrent.ThreadPoolTaskExecutor  : Shutting down ExecutorService 'applicationTaskExecutor'
